2025-04-29 09:14:27,463 - INFO - 任务执行开始
设备序列号: R5CW505P3RK, 点击坐标: (400, 900)

2025-04-29 09:14:27,463 - INFO - 
开始执行任务: task1
2025-04-29 09:14:27,463 - INFO - 执行进度: 1/5
2025-04-29 09:14:27,723 - INFO - 执行ADB命令: adb -s R5CW505P3RK shell input keyevent KEYCODE_VOLUME_UP，耗时: 0.26秒
2025-04-29 09:14:29,724 - INFO - 执行进度: 2/5
2025-04-29 09:14:29,957 - INFO - 执行ADB命令: adb -s R5CW505P3RK shell input keyevent KEYCODE_VOLUME_UP，耗时: 0.23秒
2025-04-29 09:14:31,958 - INFO - 执行进度: 3/5
2025-04-29 09:14:32,226 - INFO - 执行ADB命令: adb -s R5CW505P3RK shell input keyevent KEYCODE_VOLUME_UP，耗时: 0.27秒
2025-04-29 09:14:34,231 - INFO - 执行进度: 4/5
2025-04-29 09:14:34,496 - INFO - 执行ADB命令: adb -s R5CW505P3RK shell input keyevent KEYCODE_VOLUME_UP，耗时: 0.26秒
2025-04-29 09:14:36,497 - INFO - 执行进度: 5/5
2025-04-29 09:14:36,773 - INFO - 执行ADB命令: adb -s R5CW505P3RK shell input keyevent KEYCODE_VOLUME_UP，耗时: 0.28秒
2025-04-29 09:14:38,774 - INFO - 执行进度: 1/3
2025-04-29 09:14:39,046 - INFO - 执行ADB命令: adb -s R5CW505P3RK shell input keyevent KEYCODE_VOLUME_DOWN，耗时: 0.27秒
2025-04-29 09:14:41,046 - INFO - 执行进度: 2/3
2025-04-29 09:14:41,331 - INFO - 执行ADB命令: adb -s R5CW505P3RK shell input keyevent KEYCODE_VOLUME_DOWN，耗时: 0.28秒
2025-04-29 09:14:43,332 - INFO - 执行进度: 3/3
2025-04-29 09:14:43,615 - INFO - 执行ADB命令: adb -s R5CW505P3RK shell input keyevent KEYCODE_VOLUME_DOWN，耗时: 0.28秒
2025-04-29 09:14:45,617 - INFO - 执行进度: 1/3
2025-04-29 09:14:45,731 - INFO - 执行ADB命令: adb -s R5CW505P3RK shell input keyevent KEYCODE_MEDIA_PLAY_PAUSE，耗时: 0.11秒
2025-04-29 09:14:47,732 - INFO - 执行进度: 2/3
2025-04-29 09:14:47,866 - INFO - 执行ADB命令: adb -s R5CW505P3RK shell input keyevent KEYCODE_MEDIA_PLAY_PAUSE，耗时: 0.13秒
2025-04-29 09:14:49,867 - INFO - 执行进度: 3/3
2025-04-29 09:14:49,987 - INFO - 执行ADB命令: adb -s R5CW505P3RK shell input keyevent KEYCODE_MEDIA_PLAY_PAUSE，耗时: 0.12秒
2025-04-29 09:14:51,988 - INFO - 执行进度: 1/3
2025-04-29 09:14:51,988 - INFO - 开始重新连接/断开音箱
2025-04-29 09:14:52,133 - ERROR - 执行ADB命令: adb -s R5CW505P3RK shell dumpsys window windows | findstr mCurrentFocus 出错，错误信息: ，耗时: 0.14秒
2025-04-29 09:14:52,133 - INFO - 无法获取当前Activity
2025-04-29 09:14:52,133 - INFO - 当前不在蓝牙设置界面，跳转中...
2025-04-29 09:14:52,259 - INFO - 执行ADB命令: adb -s R5CW505P3RK shell am start -a android.settings.BLUETOOTH_SETTINGS，耗时: 0.13秒
2025-04-29 09:14:54,464 - INFO - 执行ADB命令: adb -s R5CW505P3RK shell dumpsys bluetooth_manager，耗时: 0.20秒
2025-04-29 09:14:54,464 - INFO - 蓝牙连接状态: STATE_CONNECTED
2025-04-29 09:14:54,553 - INFO - 执行ADB命令: adb -s R5CW505P3RK shell input tap 400 900，耗时: 0.09秒
2025-04-29 09:14:54,553 - INFO - 点击设备失败，未完成断开/连接
2025-04-29 09:14:56,554 - INFO - 执行进度: 2/3
2025-04-29 09:14:56,554 - INFO - 开始重新连接/断开音箱
2025-04-29 09:14:56,655 - ERROR - 执行ADB命令: adb -s R5CW505P3RK shell dumpsys window windows | findstr mCurrentFocus 出错，错误信息: ，耗时: 0.10秒
2025-04-29 09:14:56,656 - INFO - 无法获取当前Activity
2025-04-29 09:14:56,656 - INFO - 当前不在蓝牙设置界面，跳转中...
2025-04-29 09:14:56,755 - INFO - 执行ADB命令: adb -s R5CW505P3RK shell am start -a android.settings.BLUETOOTH_SETTINGS，耗时: 0.10秒
2025-04-29 09:14:58,905 - INFO - 执行ADB命令: adb -s R5CW505P3RK shell dumpsys bluetooth_manager，耗时: 0.15秒
2025-04-29 09:14:58,906 - INFO - 蓝牙连接状态: STATE_DISCONNECTED
2025-04-29 09:14:59,000 - INFO - 执行ADB命令: adb -s R5CW505P3RK shell input tap 400 900，耗时: 0.09秒
2025-04-29 09:14:59,000 - INFO - 点击设备失败，未完成断开/连接
2025-04-29 09:15:01,001 - INFO - 执行进度: 3/3
2025-04-29 09:15:01,001 - INFO - 开始重新连接/断开音箱
2025-04-29 09:15:01,091 - ERROR - 执行ADB命令: adb -s R5CW505P3RK shell dumpsys window windows | findstr mCurrentFocus 出错，错误信息: ，耗时: 0.09秒
2025-04-29 09:15:01,091 - INFO - 无法获取当前Activity
2025-04-29 09:15:01,091 - INFO - 当前不在蓝牙设置界面，跳转中...
2025-04-29 09:15:01,160 - INFO - 执行ADB命令: adb -s R5CW505P3RK shell am start -a android.settings.BLUETOOTH_SETTINGS，耗时: 0.07秒
2025-04-29 09:15:03,346 - INFO - 执行ADB命令: adb -s R5CW505P3RK shell dumpsys bluetooth_manager，耗时: 0.18秒
2025-04-29 09:15:03,346 - INFO - 蓝牙连接状态: STATE_CONNECTED
2025-04-29 09:15:03,440 - INFO - 执行ADB命令: adb -s R5CW505P3RK shell input tap 400 900，耗时: 0.09秒
2025-04-29 09:15:03,440 - INFO - 点击设备失败，未完成断开/连接
2025-04-29 09:15:05,441 - INFO - 
开始执行任务: task2
2025-04-29 09:15:05,441 - INFO - 执行进度: 1/3
2025-04-29 09:15:05,695 - INFO - 执行ADB命令: adb -s R5CW505P3RK shell input keyevent KEYCODE_VOLUME_UP，耗时: 0.25秒
2025-04-29 09:15:07,695 - INFO - 执行进度: 2/3
2025-04-29 09:15:07,968 - INFO - 执行ADB命令: adb -s R5CW505P3RK shell input keyevent KEYCODE_VOLUME_UP，耗时: 0.27秒
2025-04-29 09:15:09,969 - INFO - 执行进度: 3/3
2025-04-29 09:15:10,202 - INFO - 执行ADB命令: adb -s R5CW505P3RK shell input keyevent KEYCODE_VOLUME_UP，耗时: 0.23秒
2025-04-29 09:15:12,203 - INFO - 执行进度: 1/3
2025-04-29 09:15:12,479 - INFO - 执行ADB命令: adb -s R5CW505P3RK shell input keyevent KEYCODE_VOLUME_DOWN，耗时: 0.28秒
2025-04-29 09:15:14,480 - INFO - 执行进度: 2/3
2025-04-29 09:15:14,712 - INFO - 执行ADB命令: adb -s R5CW505P3RK shell input keyevent KEYCODE_VOLUME_DOWN，耗时: 0.23秒
2025-04-29 09:15:16,713 - INFO - 执行进度: 3/3
2025-04-29 09:15:16,988 - INFO - 执行ADB命令: adb -s R5CW505P3RK shell input keyevent KEYCODE_VOLUME_DOWN，耗时: 0.28秒
2025-04-29 09:15:18,990 - INFO - 执行进度: 1/3
2025-04-29 09:15:19,113 - INFO - 执行ADB命令: adb -s R5CW505P3RK shell input keyevent KEYCODE_MEDIA_PLAY_PAUSE，耗时: 0.12秒
2025-04-29 09:15:21,113 - INFO - 执行进度: 2/3
2025-04-29 09:15:21,231 - INFO - 执行ADB命令: adb -s R5CW505P3RK shell input keyevent KEYCODE_MEDIA_PLAY_PAUSE，耗时: 0.12秒
2025-04-29 09:15:23,232 - INFO - 执行进度: 3/3
2025-04-29 09:15:23,355 - INFO - 执行ADB命令: adb -s R5CW505P3RK shell input keyevent KEYCODE_MEDIA_PLAY_PAUSE，耗时: 0.12秒
2025-04-29 09:15:25,356 - INFO - 执行进度: 1/3
2025-04-29 09:15:25,356 - INFO - 开始重新连接/断开音箱
2025-04-29 09:15:25,484 - ERROR - 执行ADB命令: adb -s R5CW505P3RK shell dumpsys window windows | findstr mCurrentFocus 出错，错误信息: ，耗时: 0.13秒
2025-04-29 09:15:25,484 - INFO - 无法获取当前Activity
2025-04-29 09:15:25,484 - INFO - 当前不在蓝牙设置界面，跳转中...
2025-04-29 09:15:25,603 - INFO - 执行ADB命令: adb -s R5CW505P3RK shell am start -a android.settings.BLUETOOTH_SETTINGS，耗时: 0.12秒
2025-04-29 09:15:27,833 - INFO - 执行ADB命令: adb -s R5CW505P3RK shell dumpsys bluetooth_manager，耗时: 0.23秒
2025-04-29 09:15:27,833 - INFO - 蓝牙连接状态: STATE_DISCONNECTED
2025-04-29 09:15:27,966 - INFO - 执行ADB命令: adb -s R5CW505P3RK shell input tap 400 900，耗时: 0.13秒
2025-04-29 09:15:27,966 - INFO - 点击设备失败，未完成断开/连接
2025-04-29 09:15:29,967 - INFO - 执行进度: 2/3
2025-04-29 09:15:29,967 - INFO - 开始重新连接/断开音箱
2025-04-29 09:15:30,072 - ERROR - 执行ADB命令: adb -s R5CW505P3RK shell dumpsys window windows | findstr mCurrentFocus 出错，错误信息: ，耗时: 0.10秒
2025-04-29 09:15:30,072 - INFO - 无法获取当前Activity
2025-04-29 09:15:30,072 - INFO - 当前不在蓝牙设置界面，跳转中...
2025-04-29 09:15:30,175 - INFO - 执行ADB命令: adb -s R5CW505P3RK shell am start -a android.settings.BLUETOOTH_SETTINGS，耗时: 0.10秒
2025-04-29 09:15:32,405 - INFO - 执行ADB命令: adb -s R5CW505P3RK shell dumpsys bluetooth_manager，耗时: 0.23秒
2025-04-29 09:15:32,405 - INFO - 蓝牙连接状态: STATE_CONNECTED
2025-04-29 09:15:32,520 - INFO - 执行ADB命令: adb -s R5CW505P3RK shell input tap 400 900，耗时: 0.12秒
2025-04-29 09:15:32,520 - INFO - 点击设备失败，未完成断开/连接
2025-04-29 09:15:34,521 - INFO - 执行进度: 3/3
2025-04-29 09:15:34,521 - INFO - 开始重新连接/断开音箱
2025-04-29 09:15:34,624 - ERROR - 执行ADB命令: adb -s R5CW505P3RK shell dumpsys window windows | findstr mCurrentFocus 出错，错误信息: ，耗时: 0.10秒
2025-04-29 09:15:34,624 - INFO - 无法获取当前Activity
2025-04-29 09:15:34,624 - INFO - 当前不在蓝牙设置界面，跳转中...
2025-04-29 09:15:34,696 - INFO - 执行ADB命令: adb -s R5CW505P3RK shell am start -a android.settings.BLUETOOTH_SETTINGS，耗时: 0.07秒
2025-04-29 09:15:36,869 - INFO - 执行ADB命令: adb -s R5CW505P3RK shell dumpsys bluetooth_manager，耗时: 0.17秒
2025-04-29 09:15:36,870 - INFO - 蓝牙连接状态: STATE_DISCONNECTED
2025-04-29 09:15:36,966 - INFO - 执行ADB命令: adb -s R5CW505P3RK shell input tap 400 900，耗时: 0.10秒
2025-04-29 09:15:36,966 - INFO - 点击设备失败，未完成断开/连接
2025-04-29 09:15:38,968 - INFO - 
任务执行结束
成功操作: 26 次，失败操作: 0 次
