2025-04-29 08:57:01,214 - INFO - 任务执行开始
设备序列号: R5CW505P3RK, 点击坐标: (400, 900)

2025-04-29 08:57:01,244 - INFO - 
开始执行任务: task1
2025-04-29 08:57:01,244 - INFO - 执行进度: 1/3
2025-04-29 08:57:01,540 - INFO - 执行ADB命令: adb -s R5CW505P3RK shell input keyevent KEYCODE_VOLUME_UP，耗时: 0.28秒
2025-04-29 08:57:03,542 - INFO - 执行进度: 2/3
2025-04-29 08:57:03,840 - INFO - 执行ADB命令: adb -s R5CW505P3RK shell input keyevent KEYCODE_VOLUME_UP，耗时: 0.27秒
2025-04-29 08:57:05,841 - INFO - 执行进度: 3/3
2025-04-29 08:57:06,138 - INFO - 执行ADB命令: adb -s R5CW505P3RK shell input keyevent KEYCODE_VOLUME_UP，耗时: 0.27秒
2025-04-29 08:57:08,139 - INFO - 执行进度: 1/3
2025-04-29 08:57:08,422 - INFO - 执行ADB命令: adb -s R5CW505P3RK shell input keyevent KEYCODE_VOLUME_DOWN，耗时: 0.25秒
2025-04-29 08:57:10,423 - INFO - 执行进度: 2/3
2025-04-29 08:57:10,705 - INFO - 执行ADB命令: adb -s R5CW505P3RK shell input keyevent KEYCODE_VOLUME_DOWN，耗时: 0.26秒
2025-04-29 08:57:12,707 - INFO - 执行进度: 3/3
2025-04-29 08:57:13,006 - INFO - 执行ADB命令: adb -s R5CW505P3RK shell input keyevent KEYCODE_VOLUME_DOWN，耗时: 0.27秒
2025-04-29 08:57:15,007 - INFO - 执行进度: 1/3
2025-04-29 08:57:15,152 - INFO - 执行ADB命令: adb -s R5CW505P3RK shell input keyevent KEYCODE_MEDIA_PLAY_PAUSE，耗时: 0.12秒
2025-04-29 08:57:17,154 - INFO - 执行进度: 2/3
2025-04-29 08:57:17,294 - INFO - 执行ADB命令: adb -s R5CW505P3RK shell input keyevent KEYCODE_MEDIA_PLAY_PAUSE，耗时: 0.11秒
2025-04-29 08:57:19,296 - INFO - 执行进度: 3/3
2025-04-29 08:57:19,414 - INFO - 执行ADB命令: adb -s R5CW505P3RK shell input keyevent KEYCODE_MEDIA_PLAY_PAUSE，耗时: 0.09秒
2025-04-29 08:57:21,416 - INFO - 执行进度: 1/3
2025-04-29 08:57:21,435 - INFO - 开始重新连接/断开音箱
2025-04-29 08:57:21,672 - INFO - 执行ADB命令: adb -s R5CW505P3RK shell dumpsys bluetooth_manager，耗时: 0.24秒
2025-04-29 08:57:21,672 - INFO - 当前蓝牙状态：已连接
2025-04-29 08:57:21,672 - INFO - 音箱已连接，开始断开
2025-04-29 08:57:21,776 - INFO - 执行ADB命令: adb -s R5CW505P3RK shell input tap 400 900，耗时: 0.10秒
2025-04-29 08:57:23,949 - INFO - 执行ADB命令: adb -s R5CW505P3RK shell dumpsys bluetooth_manager，耗时: 0.17秒
2025-04-29 08:57:23,949 - INFO - 当前蓝牙状态：未连接
2025-04-29 08:57:23,949 - INFO - 音箱断开成功
2025-04-29 08:57:25,950 - INFO - 执行进度: 2/3
2025-04-29 08:57:25,981 - INFO - 开始重新连接/断开音箱
2025-04-29 08:57:26,125 - INFO - 执行ADB命令: adb -s R5CW505P3RK shell dumpsys bluetooth_manager，耗时: 0.14秒
2025-04-29 08:57:26,126 - INFO - 当前蓝牙状态：未连接
2025-04-29 08:57:26,126 - INFO - 音箱未连接，开始连接
2025-04-29 08:57:26,211 - INFO - 执行ADB命令: adb -s R5CW505P3RK shell input tap 400 900，耗时: 0.09秒
2025-04-29 08:57:28,407 - INFO - 执行ADB命令: adb -s R5CW505P3RK shell dumpsys bluetooth_manager，耗时: 0.20秒
2025-04-29 08:57:28,407 - INFO - 当前蓝牙状态：已连接
2025-04-29 08:57:28,407 - INFO - 音箱连接成功
2025-04-29 08:57:30,408 - INFO - 执行进度: 3/3
2025-04-29 08:57:30,429 - INFO - 开始重新连接/断开音箱
2025-04-29 08:57:30,609 - INFO - 执行ADB命令: adb -s R5CW505P3RK shell dumpsys bluetooth_manager，耗时: 0.18秒
2025-04-29 08:57:30,610 - INFO - 当前蓝牙状态：已连接
2025-04-29 08:57:30,610 - INFO - 音箱已连接，开始断开
2025-04-29 08:57:30,697 - INFO - 执行ADB命令: adb -s R5CW505P3RK shell input tap 400 900，耗时: 0.09秒
2025-04-29 08:57:32,914 - INFO - 执行ADB命令: adb -s R5CW505P3RK shell dumpsys bluetooth_manager，耗时: 0.22秒
2025-04-29 08:57:32,914 - INFO - 当前蓝牙状态：未连接
2025-04-29 08:57:32,915 - INFO - 音箱断开成功
2025-04-29 08:57:34,916 - INFO - 
任务执行结束
成功操作: 12 次，失败操作: 0 次
