2025-04-29 09:23:18,882 - INFO - 任务执行开始
设备序列号: R5CW505P3RK, 点击坐标: (400, 900)

2025-04-29 09:23:18,882 - INFO - 开始检测蓝牙设备连接状态...
2025-04-29 09:23:19,102 - INFO - 执行ADB命令: adb -s R5CW505P3RK shell dumpsys bluetooth_manager，耗时: 0.22秒
2025-04-29 09:23:20,104 - INFO - 当前蓝牙连接状态: STATE_CONNECTED
2025-04-29 09:23:20,104 - INFO - 蓝牙设备已连接，直接开始执行任务
2025-04-29 09:23:20,105 - INFO - 
开始执行任务: task1
2025-04-29 09:23:20,105 - INFO - 执行进度: 1/5
2025-04-29 09:23:20,365 - INFO - 执行ADB命令: adb -s R5CW505P3RK shell input keyevent KEYCODE_VOLUME_UP，耗时: 0.26秒
2025-04-29 09:23:23,370 - INFO - 执行进度: 2/5
2025-04-29 09:23:23,630 - INFO - 执行ADB命令: adb -s R5CW505P3RK shell input keyevent KEYCODE_VOLUME_UP，耗时: 0.26秒
2025-04-29 09:23:26,632 - INFO - 执行进度: 3/5
2025-04-29 09:23:26,887 - INFO - 执行ADB命令: adb -s R5CW505P3RK shell input keyevent KEYCODE_VOLUME_UP，耗时: 0.25秒
2025-04-29 09:23:29,888 - INFO - 执行进度: 4/5
2025-04-29 09:23:30,172 - INFO - 执行ADB命令: adb -s R5CW505P3RK shell input keyevent KEYCODE_VOLUME_UP，耗时: 0.28秒
2025-04-29 09:23:33,173 - INFO - 执行进度: 5/5
2025-04-29 09:23:33,453 - INFO - 执行ADB命令: adb -s R5CW505P3RK shell input keyevent KEYCODE_VOLUME_UP，耗时: 0.28秒
2025-04-29 09:23:36,455 - INFO - 执行进度: 1/3
2025-04-29 09:23:36,718 - INFO - 执行ADB命令: adb -s R5CW505P3RK shell input keyevent KEYCODE_VOLUME_DOWN，耗时: 0.26秒
2025-04-29 09:23:39,719 - INFO - 执行进度: 2/3
2025-04-29 09:23:40,001 - INFO - 执行ADB命令: adb -s R5CW505P3RK shell input keyevent KEYCODE_VOLUME_DOWN，耗时: 0.28秒
2025-04-29 09:23:43,003 - INFO - 执行进度: 3/3
2025-04-29 09:23:43,248 - INFO - 执行ADB命令: adb -s R5CW505P3RK shell input keyevent KEYCODE_VOLUME_DOWN，耗时: 0.25秒
2025-04-29 09:23:46,250 - INFO - 执行进度: 1/3
2025-04-29 09:23:46,345 - INFO - 执行ADB命令: adb -s R5CW505P3RK shell input keyevent KEYCODE_MEDIA_PLAY_PAUSE，耗时: 0.09秒
2025-04-29 09:23:49,346 - INFO - 执行进度: 2/3
2025-04-29 09:23:49,477 - INFO - 执行ADB命令: adb -s R5CW505P3RK shell input keyevent KEYCODE_MEDIA_PLAY_PAUSE，耗时: 0.13秒
2025-04-29 09:23:52,479 - INFO - 执行进度: 3/3
2025-04-29 09:23:52,619 - INFO - 执行ADB命令: adb -s R5CW505P3RK shell input keyevent KEYCODE_MEDIA_PLAY_PAUSE，耗时: 0.14秒
2025-04-29 09:23:55,621 - INFO - 执行进度: 1/3
2025-04-29 09:23:55,621 - INFO - 开始重新连接/断开音箱
2025-04-29 09:23:55,853 - INFO - 执行ADB命令: adb -s R5CW505P3RK shell dumpsys bluetooth_manager，耗时: 0.23秒
2025-04-29 09:23:56,855 - INFO - 当前蓝牙连接状态: STATE_CONNECTED
2025-04-29 09:23:56,856 - INFO - 音箱已连接，开始断开
2025-04-29 09:23:56,998 - INFO - 执行ADB命令: adb -s R5CW505P3RK shell am start -a android.settings.BLUETOOTH_SETTINGS，耗时: 0.14秒
2025-04-29 09:24:03,097 - INFO - 执行ADB命令: adb -s R5CW505P3RK shell input tap 400 900，耗时: 0.10秒
2025-04-29 09:24:09,307 - INFO - 执行ADB命令: adb -s R5CW505P3RK shell dumpsys bluetooth_manager，耗时: 0.21秒
2025-04-29 09:24:10,308 - INFO - 当前蓝牙连接状态: STATE_DISCONNECTED
2025-04-29 09:24:10,309 - INFO - 音箱断开成功
2025-04-29 09:24:12,310 - INFO - 执行进度: 2/3
2025-04-29 09:24:12,310 - INFO - 开始重新连接/断开音箱
2025-04-29 09:24:12,492 - INFO - 执行ADB命令: adb -s R5CW505P3RK shell dumpsys bluetooth_manager，耗时: 0.18秒
2025-04-29 09:24:13,494 - INFO - 当前蓝牙连接状态: STATE_DISCONNECTED
2025-04-29 09:24:13,495 - INFO - 音箱未连接，开始连接
2025-04-29 09:24:13,595 - INFO - 执行ADB命令: adb -s R5CW505P3RK shell am start -a android.settings.BLUETOOTH_SETTINGS，耗时: 0.10秒
2025-04-29 09:24:19,730 - INFO - 执行ADB命令: adb -s R5CW505P3RK shell input tap 400 900，耗时: 0.13秒
2025-04-29 09:24:25,908 - INFO - 执行ADB命令: adb -s R5CW505P3RK shell dumpsys bluetooth_manager，耗时: 0.18秒
2025-04-29 09:24:26,910 - INFO - 当前蓝牙连接状态: STATE_CONNECTED
2025-04-29 09:24:26,910 - INFO - 音箱连接成功
2025-04-29 09:24:28,911 - INFO - 执行进度: 3/3
2025-04-29 09:24:28,912 - INFO - 开始重新连接/断开音箱
2025-04-29 09:24:29,111 - INFO - 执行ADB命令: adb -s R5CW505P3RK shell dumpsys bluetooth_manager，耗时: 0.20秒
2025-04-29 09:24:30,112 - INFO - 当前蓝牙连接状态: STATE_CONNECTED
2025-04-29 09:24:30,112 - INFO - 音箱已连接，开始断开
2025-04-29 09:24:30,195 - INFO - 执行ADB命令: adb -s R5CW505P3RK shell am start -a android.settings.BLUETOOTH_SETTINGS，耗时: 0.08秒
2025-04-29 09:24:36,337 - INFO - 执行ADB命令: adb -s R5CW505P3RK shell input tap 400 900，耗时: 0.14秒
2025-04-29 09:24:42,534 - INFO - 执行ADB命令: adb -s R5CW505P3RK shell dumpsys bluetooth_manager，耗时: 0.20秒
2025-04-29 09:24:43,536 - INFO - 当前蓝牙连接状态: STATE_DISCONNECTED
2025-04-29 09:24:43,537 - INFO - 音箱断开成功
2025-04-29 09:24:45,538 - INFO - 
开始执行任务: task2
2025-04-29 09:24:45,538 - INFO - 执行进度: 1/3
2025-04-29 09:24:45,801 - INFO - 执行ADB命令: adb -s R5CW505P3RK shell input keyevent KEYCODE_VOLUME_UP，耗时: 0.26秒
2025-04-29 09:24:48,803 - INFO - 执行进度: 2/3
2025-04-29 09:24:49,068 - INFO - 执行ADB命令: adb -s R5CW505P3RK shell input keyevent KEYCODE_VOLUME_UP，耗时: 0.26秒
2025-04-29 09:24:52,069 - INFO - 执行进度: 3/3
2025-04-29 09:24:52,336 - INFO - 执行ADB命令: adb -s R5CW505P3RK shell input keyevent KEYCODE_VOLUME_UP，耗时: 0.27秒
2025-04-29 09:24:55,337 - INFO - 执行进度: 1/3
2025-04-29 09:24:55,571 - INFO - 执行ADB命令: adb -s R5CW505P3RK shell input keyevent KEYCODE_VOLUME_DOWN，耗时: 0.23秒
2025-04-29 09:24:58,572 - INFO - 执行进度: 2/3
2025-04-29 09:24:58,810 - INFO - 执行ADB命令: adb -s R5CW505P3RK shell input keyevent KEYCODE_VOLUME_DOWN，耗时: 0.24秒
2025-04-29 09:25:01,812 - INFO - 执行进度: 3/3
2025-04-29 09:25:02,067 - INFO - 执行ADB命令: adb -s R5CW505P3RK shell input keyevent KEYCODE_VOLUME_DOWN，耗时: 0.25秒
2025-04-29 09:25:05,068 - INFO - 执行进度: 1/3
2025-04-29 09:25:05,165 - INFO - 执行ADB命令: adb -s R5CW505P3RK shell input keyevent KEYCODE_MEDIA_PLAY_PAUSE，耗时: 0.10秒
2025-04-29 09:25:08,167 - INFO - 执行进度: 2/3
2025-04-29 09:25:08,272 - INFO - 执行ADB命令: adb -s R5CW505P3RK shell input keyevent KEYCODE_MEDIA_PLAY_PAUSE，耗时: 0.11秒
2025-04-29 09:25:11,273 - INFO - 执行进度: 3/3
2025-04-29 09:25:11,371 - INFO - 执行ADB命令: adb -s R5CW505P3RK shell input keyevent KEYCODE_MEDIA_PLAY_PAUSE，耗时: 0.10秒
2025-04-29 09:25:14,372 - INFO - 执行进度: 1/3
2025-04-29 09:25:14,373 - INFO - 开始重新连接/断开音箱
2025-04-29 09:25:14,612 - INFO - 执行ADB命令: adb -s R5CW505P3RK shell dumpsys bluetooth_manager，耗时: 0.24秒
2025-04-29 09:25:15,613 - INFO - 当前蓝牙连接状态: STATE_DISCONNECTED
2025-04-29 09:25:15,614 - INFO - 音箱未连接，开始连接
2025-04-29 09:25:15,745 - INFO - 执行ADB命令: adb -s R5CW505P3RK shell am start -a android.settings.BLUETOOTH_SETTINGS，耗时: 0.13秒
2025-04-29 09:25:21,867 - INFO - 执行ADB命令: adb -s R5CW505P3RK shell input tap 400 900，耗时: 0.12秒
2025-04-29 09:25:28,072 - INFO - 执行ADB命令: adb -s R5CW505P3RK shell dumpsys bluetooth_manager，耗时: 0.20秒
2025-04-29 09:25:29,073 - INFO - 当前蓝牙连接状态: STATE_CONNECTED
2025-04-29 09:25:29,074 - INFO - 音箱连接成功
2025-04-29 09:25:31,075 - INFO - 执行进度: 2/3
2025-04-29 09:25:31,075 - INFO - 开始重新连接/断开音箱
2025-04-29 09:25:31,286 - INFO - 执行ADB命令: adb -s R5CW505P3RK shell dumpsys bluetooth_manager，耗时: 0.21秒
2025-04-29 09:25:32,287 - INFO - 当前蓝牙连接状态: STATE_CONNECTED
2025-04-29 09:25:32,288 - INFO - 音箱已连接，开始断开
2025-04-29 09:25:32,386 - INFO - 执行ADB命令: adb -s R5CW505P3RK shell am start -a android.settings.BLUETOOTH_SETTINGS，耗时: 0.10秒
2025-04-29 09:25:38,488 - INFO - 执行ADB命令: adb -s R5CW505P3RK shell input tap 400 900，耗时: 0.10秒
2025-04-29 09:25:44,663 - INFO - 执行ADB命令: adb -s R5CW505P3RK shell dumpsys bluetooth_manager，耗时: 0.17秒
2025-04-29 09:25:45,664 - INFO - 当前蓝牙连接状态: STATE_DISCONNECTED
2025-04-29 09:25:45,664 - INFO - 音箱断开成功
2025-04-29 09:25:47,665 - INFO - 执行进度: 3/3
2025-04-29 09:25:47,665 - INFO - 开始重新连接/断开音箱
2025-04-29 09:25:47,816 - INFO - 执行ADB命令: adb -s R5CW505P3RK shell dumpsys bluetooth_manager，耗时: 0.15秒
2025-04-29 09:25:48,817 - INFO - 当前蓝牙连接状态: STATE_DISCONNECTED
2025-04-29 09:25:48,817 - INFO - 音箱未连接，开始连接
2025-04-29 09:25:48,916 - INFO - 执行ADB命令: adb -s R5CW505P3RK shell am start -a android.settings.BLUETOOTH_SETTINGS，耗时: 0.10秒
2025-04-29 09:25:55,048 - INFO - 执行ADB命令: adb -s R5CW505P3RK shell input tap 400 900，耗时: 0.13秒
2025-04-29 09:26:01,251 - INFO - 执行ADB命令: adb -s R5CW505P3RK shell dumpsys bluetooth_manager，耗时: 0.20秒
2025-04-29 09:26:02,253 - INFO - 当前蓝牙连接状态: STATE_CONNECTED
2025-04-29 09:26:02,253 - INFO - 音箱连接成功
2025-04-29 09:26:04,254 - INFO - 
任务执行结束
成功操作: 26 次，失败操作: 0 次
