2025-04-29 08:58:32,762 - INFO - 任务执行开始
设备序列号: R5CW505P3RK, 点击坐标: (400, 900)

2025-04-29 08:58:32,791 - INFO - 
开始执行任务: task1
2025-04-29 08:58:32,791 - INFO - 执行进度: 1/3
2025-04-29 08:58:33,068 - INFO - 执行ADB命令: adb -s R5CW505P3RK shell input keyevent KEYCODE_VOLUME_UP，耗时: 0.26秒
2025-04-29 08:58:35,069 - INFO - 执行进度: 2/3
2025-04-29 08:58:35,330 - INFO - 执行ADB命令: adb -s R5CW505P3RK shell input keyevent KEYCODE_VOLUME_UP，耗时: 0.24秒
2025-04-29 08:58:37,331 - INFO - 执行进度: 3/3
2025-04-29 08:58:37,608 - INFO - 执行ADB命令: adb -s R5CW505P3RK shell input keyevent KEYCODE_VOLUME_UP，耗时: 0.26秒
2025-04-29 08:58:39,612 - INFO - 执行进度: 1/3
2025-04-29 08:58:39,900 - INFO - 执行ADB命令: adb -s R5CW505P3RK shell input keyevent KEYCODE_VOLUME_DOWN，耗时: 0.26秒
2025-04-29 08:58:41,900 - INFO - 执行进度: 2/3
2025-04-29 08:58:42,191 - INFO - 执行ADB命令: adb -s R5CW505P3RK shell input keyevent KEYCODE_VOLUME_DOWN，耗时: 0.26秒
2025-04-29 08:58:44,191 - INFO - 执行进度: 3/3
2025-04-29 08:58:44,480 - INFO - 执行ADB命令: adb -s R5CW505P3RK shell input keyevent KEYCODE_VOLUME_DOWN，耗时: 0.26秒
2025-04-29 08:58:46,480 - INFO - 执行进度: 1/3
2025-04-29 08:58:46,633 - INFO - 执行ADB命令: adb -s R5CW505P3RK shell input keyevent KEYCODE_MEDIA_PLAY_PAUSE，耗时: 0.13秒
2025-04-29 08:58:48,634 - INFO - 执行进度: 2/3
2025-04-29 08:58:48,785 - INFO - 执行ADB命令: adb -s R5CW505P3RK shell input keyevent KEYCODE_MEDIA_PLAY_PAUSE，耗时: 0.12秒
2025-04-29 08:58:50,785 - INFO - 执行进度: 3/3
2025-04-29 08:58:50,928 - INFO - 执行ADB命令: adb -s R5CW505P3RK shell input keyevent KEYCODE_MEDIA_PLAY_PAUSE，耗时: 0.11秒
2025-04-29 08:58:52,929 - INFO - 执行进度: 1/3
2025-04-29 08:58:52,954 - INFO - 开始重新连接/断开音箱
2025-04-29 08:58:53,208 - INFO - 执行ADB命令: adb -s R5CW505P3RK shell dumpsys bluetooth_manager，耗时: 0.25秒
2025-04-29 08:58:53,209 - INFO - 当前蓝牙状态：已连接
2025-04-29 08:58:53,209 - INFO - 音箱已连接，开始断开
2025-04-29 08:58:53,335 - INFO - 执行ADB命令: adb -s R5CW505P3RK shell input tap 400 900，耗时: 0.13秒
2025-04-29 08:58:55,519 - INFO - 执行ADB命令: adb -s R5CW505P3RK shell dumpsys bluetooth_manager，耗时: 0.18秒
2025-04-29 08:58:55,519 - INFO - 当前蓝牙状态：已连接
2025-04-29 08:58:55,519 - INFO - 操作后状态未变化
2025-04-29 08:58:57,521 - INFO - 执行进度: 2/3
2025-04-29 08:58:57,550 - INFO - 开始重新连接/断开音箱
2025-04-29 08:58:57,713 - INFO - 执行ADB命令: adb -s R5CW505P3RK shell dumpsys bluetooth_manager，耗时: 0.16秒
2025-04-29 08:58:57,713 - INFO - 当前蓝牙状态：已连接
2025-04-29 08:58:57,713 - INFO - 音箱已连接，开始断开
2025-04-29 08:58:57,790 - INFO - 执行ADB命令: adb -s R5CW505P3RK shell input tap 400 900，耗时: 0.08秒
2025-04-29 08:58:59,935 - INFO - 执行ADB命令: adb -s R5CW505P3RK shell dumpsys bluetooth_manager，耗时: 0.14秒
2025-04-29 08:58:59,935 - INFO - 当前蓝牙状态：已连接
2025-04-29 08:58:59,935 - INFO - 操作后状态未变化
2025-04-29 08:59:01,936 - INFO - 执行进度: 3/3
2025-04-29 08:59:01,980 - INFO - 开始重新连接/断开音箱
2025-04-29 08:59:02,155 - INFO - 执行ADB命令: adb -s R5CW505P3RK shell dumpsys bluetooth_manager，耗时: 0.17秒
2025-04-29 08:59:02,155 - INFO - 当前蓝牙状态：已连接
2025-04-29 08:59:02,155 - INFO - 音箱已连接，开始断开
2025-04-29 08:59:02,236 - INFO - 执行ADB命令: adb -s R5CW505P3RK shell input tap 400 900，耗时: 0.08秒
2025-04-29 08:59:04,397 - INFO - 执行ADB命令: adb -s R5CW505P3RK shell dumpsys bluetooth_manager，耗时: 0.16秒
2025-04-29 08:59:04,397 - INFO - 当前蓝牙状态：已连接
2025-04-29 08:59:04,397 - INFO - 操作后状态未变化
2025-04-29 08:59:06,398 - INFO - 
开始执行任务: task2
2025-04-29 08:59:06,398 - INFO - 执行进度: 1/3
2025-04-29 08:59:06,664 - INFO - 执行ADB命令: adb -s R5CW505P3RK shell input keyevent KEYCODE_VOLUME_UP，耗时: 0.23秒
2025-04-29 08:59:08,665 - INFO - 执行进度: 2/3
2025-04-29 08:59:08,947 - INFO - 执行ADB命令: adb -s R5CW505P3RK shell input keyevent KEYCODE_VOLUME_UP，耗时: 0.25秒
2025-04-29 08:59:10,948 - INFO - 执行进度: 3/3
2025-04-29 08:59:11,211 - INFO - 执行ADB命令: adb -s R5CW505P3RK shell input keyevent KEYCODE_VOLUME_UP，耗时: 0.24秒
2025-04-29 08:59:13,211 - INFO - 执行进度: 1/3
2025-04-29 08:59:13,499 - INFO - 执行ADB命令: adb -s R5CW505P3RK shell input keyevent KEYCODE_VOLUME_DOWN，耗时: 0.26秒
2025-04-29 08:59:15,499 - INFO - 执行进度: 2/3
2025-04-29 08:59:15,812 - INFO - 执行ADB命令: adb -s R5CW505P3RK shell input keyevent KEYCODE_VOLUME_DOWN，耗时: 0.28秒
2025-04-29 08:59:17,813 - INFO - 执行进度: 3/3
2025-04-29 08:59:18,132 - INFO - 执行ADB命令: adb -s R5CW505P3RK shell input keyevent KEYCODE_VOLUME_DOWN，耗时: 0.29秒
2025-04-29 08:59:20,132 - INFO - 执行进度: 1/3
2025-04-29 08:59:20,259 - INFO - 执行ADB命令: adb -s R5CW505P3RK shell input keyevent KEYCODE_MEDIA_PLAY_PAUSE，耗时: 0.10秒
2025-04-29 08:59:22,260 - INFO - 执行进度: 2/3
2025-04-29 08:59:22,410 - INFO - 执行ADB命令: adb -s R5CW505P3RK shell input keyevent KEYCODE_MEDIA_PLAY_PAUSE，耗时: 0.12秒
2025-04-29 08:59:24,412 - INFO - 执行进度: 3/3
2025-04-29 08:59:24,521 - INFO - 执行ADB命令: adb -s R5CW505P3RK shell input keyevent KEYCODE_MEDIA_PLAY_PAUSE，耗时: 0.09秒
2025-04-29 08:59:26,522 - INFO - 执行进度: 1/3
2025-04-29 08:59:26,552 - INFO - 开始重新连接/断开音箱
2025-04-29 08:59:26,716 - INFO - 执行ADB命令: adb -s R5CW505P3RK shell dumpsys bluetooth_manager，耗时: 0.16秒
2025-04-29 08:59:26,716 - INFO - 当前蓝牙状态：已连接
2025-04-29 08:59:26,716 - INFO - 音箱已连接，开始断开
2025-04-29 08:59:26,809 - INFO - 执行ADB命令: adb -s R5CW505P3RK shell input tap 400 900，耗时: 0.09秒
2025-04-29 08:59:28,953 - INFO - 执行ADB命令: adb -s R5CW505P3RK shell dumpsys bluetooth_manager，耗时: 0.14秒
2025-04-29 08:59:28,953 - INFO - 当前蓝牙状态：已连接
2025-04-29 08:59:28,953 - INFO - 操作后状态未变化
2025-04-29 08:59:30,955 - INFO - 执行进度: 2/3
2025-04-29 08:59:30,983 - INFO - 开始重新连接/断开音箱
2025-04-29 08:59:31,155 - INFO - 执行ADB命令: adb -s R5CW505P3RK shell dumpsys bluetooth_manager，耗时: 0.17秒
2025-04-29 08:59:31,155 - INFO - 当前蓝牙状态：已连接
2025-04-29 08:59:31,155 - INFO - 音箱已连接，开始断开
2025-04-29 08:59:31,242 - INFO - 执行ADB命令: adb -s R5CW505P3RK shell input tap 400 900，耗时: 0.09秒
2025-04-29 08:59:33,440 - INFO - 执行ADB命令: adb -s R5CW505P3RK shell dumpsys bluetooth_manager，耗时: 0.19秒
2025-04-29 08:59:33,440 - INFO - 当前蓝牙状态：已连接
2025-04-29 08:59:33,440 - INFO - 操作后状态未变化
2025-04-29 08:59:35,441 - INFO - 执行进度: 3/3
2025-04-29 08:59:35,470 - INFO - 开始重新连接/断开音箱
2025-04-29 08:59:35,630 - INFO - 执行ADB命令: adb -s R5CW505P3RK shell dumpsys bluetooth_manager，耗时: 0.16秒
2025-04-29 08:59:35,630 - INFO - 当前蓝牙状态：已连接
2025-04-29 08:59:35,630 - INFO - 音箱已连接，开始断开
2025-04-29 08:59:35,723 - INFO - 执行ADB命令: adb -s R5CW505P3RK shell input tap 400 900，耗时: 0.09秒
2025-04-29 08:59:37,849 - INFO - 执行ADB命令: adb -s R5CW505P3RK shell dumpsys bluetooth_manager，耗时: 0.12秒
2025-04-29 08:59:37,850 - INFO - 当前蓝牙状态：已连接
2025-04-29 08:59:37,850 - INFO - 操作后状态未变化
2025-04-29 08:59:39,851 - INFO - 
任务执行结束
成功操作: 18 次，失败操作: 6 次
